<?xml version="1.0" encoding="UTF-8"?>
<!-- Generated by org.testng.reporters.JUnitXMLReporter -->
<testsuite hostname="MacBook-Pro.local" ignored="0" name="Default test" tests="2" failures="0" timestamp="07 Mar 2018 02:59:13 GMT" time="2.775" errors="0">
  <testcase name="defaultMonthlyBillTest" time="1.092" classname="com.amazonaws.tests.AwsCalculatorTests"/>
  <testcase name="addingMachineTests" time="0.461" classname="com.amazonaws.tests.AwsCalculatorTests"/>
</testsuite> <!-- Default test -->
