<?xml version="1.0" encoding="UTF-8"?>
<!-- Generated by org.testng.reporters.JUnitXMLReporter -->
<testsuite hostname="MacBook-Pro.local" ignored="0" name="Default test" tests="3" failures="0" timestamp="08 Mar 2018 02:57:54 GMT" time="8.67" errors="0">
  <testcase name="defaultMonthlyBillTest" time="1.109" classname="com.amazonaws.tests.AwsCalculatorTests"/>
  <testcase name="addingMachineTests" time="1.207" classname="com.amazonaws.tests.AwsCalculatorTests"/>
  <testcase name="clearFormTests" time="5.353" classname="com.amazonaws.tests.AwsCalculatorTests"/>
</testsuite> <!-- Default test -->
