<?xml version="1.0" encoding="UTF-8"?>
<!-- Generated by org.testng.reporters.JUnitXMLReporter -->
<testsuite hostname="MacBook-Pro.local" ignored="0" name="Smoke tests using opera" tests="2" failures="0" timestamp="05 Mar 2018 15:44:12 GMT" time="17.471" errors="0">
  <testcase name="searchTest" time="6.454" classname="com.prestashop.tests.search.SearchTest"/>
  <testcase name="positiveLoginTest" time="2.256" classname="com.prestashop.tests.registration.LoginTests"/>
</testsuite> <!-- Smoke tests using opera -->
