<?xml version="1.0" encoding="UTF-8"?>
<!-- Generated by org.testng.reporters.JUnitXMLReporter -->
<testsuite hostname="MacBook-Pro.local" ignored="0" name="Checkout" tests="2" failures="0" timestamp="05 Mar 2018 04:16:53 GMT" time="7.747" errors="0">
  <testcase name="productListing" time="1.013" classname="com.prestashop.tests.checkout.ProductCheckoutTest"/>
  <testcase name="checkoutTest" time="0.891" classname="com.prestashop.tests.checkout.ProductCheckoutTest"/>
</testsuite> <!-- Checkout -->
